
29.07.2022_22.11

./
./create_users.sh
./users.xlsx
./xlsx2csv/
./xlsx2csv/.gitignore
./xlsx2csv/CHANGELOG
./xlsx2csv/LICENSE.txt
./xlsx2csv/MANIFEST.in
./xlsx2csv/README.md
./xlsx2csv/man/
./xlsx2csv/man/Makefile
./xlsx2csv/man/pod2man.mk
./xlsx2csv/man/xlsx2csv.1.pod
./xlsx2csv/pyproject.toml
./xlsx2csv/test/
./xlsx2csv/test/datetime.csv
./xlsx2csv/test/datetime.xlsx
./xlsx2csv/test/empty_row.csv
./xlsx2csv/test/empty_row.xlsx
./xlsx2csv/test/escape.csv
./xlsx2csv/test/escape.xlsx
./xlsx2csv/test/float.csv
./xlsx2csv/test/float.xlsx
./xlsx2csv/test/hyperlinks.csv
./xlsx2csv/test/hyperlinks.xlsm
./xlsx2csv/test/hyperlinks_continous.csv
./xlsx2csv/test/hyperlinks_continous.xlsm
./xlsx2csv/test/input-weird.csv
./xlsx2csv/test/input-weird.xlsx
./xlsx2csv/test/junk-small.csv
./xlsx2csv/test/junk-small.xlsx
./xlsx2csv/test/last-column-empty.csv
./xlsx2csv/test/last-column-empty.xlsx
./xlsx2csv/test/namespace.csv
./xlsx2csv/test/namespace.xlsx
./xlsx2csv/test/no_cell_ids.csv
./xlsx2csv/test/no_cell_ids.xlsx
./xlsx2csv/test/run
./xlsx2csv/test/sheets.csv
./xlsx2csv/test/sheets.xlsx
./xlsx2csv/test/sheets_order.csv
./xlsx2csv/test/sheets_order.xlsx
./xlsx2csv/test/skip_empty_lines.csv
./xlsx2csv/test/skip_empty_lines.xlsx
./xlsx2csv/test/timeformat.csv
./xlsx2csv/test/timeformat.xlsx
./xlsx2csv/test/twolettercolumns.csv
./xlsx2csv/test/twolettercolumns.xlsx
./xlsx2csv/test/utf8.csv
./xlsx2csv/test/utf8.xlsx
./xlsx2csv/test/variousdelim.csv
./xlsx2csv/test/variousdelim.xlsx
./xlsx2csv/test/xlsx2csv-test-file.csv
./xlsx2csv/test/xlsx2csv-test-file.xlsx
./xlsx2csv/xlsx2csv.py
./xlsx2csv.py
./users.csv
